<?xml version="1.0" encoding="UTF-8"?>
<!-- Generated by org.testng.reporters.JUnitReportReporter -->
<testsuite skipped="0" hostname="DESKTOP-0BRS4D0" name="frameWork.TestCase.Login_001" tests="1" failures="0" timestamp="2021-07-07T11:59:30 IST" time="1.280" errors="0">
  <testcase name="loginTest" time="1.280" classname="frameWork.TestCase.Login_001"/>
  <system-out/>
</testsuite> <!-- frameWork.TestCase.Login_001 -->
