<?xml version="1.0" encoding="UTF-8"?>
<!-- Generated by org.testng.reporters.JUnitReportReporter -->
<testsuite skipped="0" hostname="DESKTOP-0BRS4D0" name="frameWork.TestCase.AddAccount_001" tests="1" failures="0" timestamp="2021-07-07T11:59:30 IST" time="3.679" errors="0">
  <testcase name="addNewAccount" time="3.679" classname="frameWork.TestCase.AddAccount_001"/>
  <system-out/>
</testsuite> <!-- frameWork.TestCase.AddAccount_001 -->
