<?xml version="1.0" encoding="UTF-8"?>
<!-- Generated by org.testng.reporters.JUnitReportReporter -->
<testsuite skipped="0" hostname="DESKTOP-0BRS4D0" name="frameWork.TestCase.Login_001" tests="1" failures="0" timestamp="11 Jul 2021 08:14:08 GMT" time="1.351" errors="0">
  <testcase name="loginTest" time="1.351" classname="frameWork.TestCase.Login_001"/>
</testsuite> <!-- frameWork.TestCase.Login_001 -->
